[21-Jan-2016 21:10:51 Europe/London] PHP Deprecated:  mysql_connect(): The mysql extension is deprecated and will be removed in the future: use mysqli or PDO instead in /Users/dmitryulyanov/Google Drive 2/httpd/ownster_mobile/assets/php/DataBaseClass.php on line 16
[21-Jan-2016 21:10:51 Europe/London] PHP Stack trace:
[21-Jan-2016 21:10:51 Europe/London] PHP   1. {main}() /Users/dmitryulyanov/Google Drive 2/httpd/ownster_mobile/assets/php/occasions_server/index.php:0
[21-Jan-2016 21:10:51 Europe/London] PHP   2. DataBase->__construct() /Users/dmitryulyanov/Google Drive 2/httpd/ownster_mobile/assets/php/occasions_server/index.php:12
[21-Jan-2016 21:10:51 Europe/London] PHP   3. mysql_connect() /Users/dmitryulyanov/Google Drive 2/httpd/ownster_mobile/assets/php/DataBaseClass.php:16
[21-Jan-2016 21:13:10 Europe/London] PHP Deprecated:  mysql_connect(): The mysql extension is deprecated and will be removed in the future: use mysqli or PDO instead in /Users/dmitryulyanov/Google Drive 2/httpd/ownster_mobile/assets/php/DataBaseClass.php on line 16
[21-Jan-2016 21:13:11 Europe/London] PHP Stack trace:
[21-Jan-2016 21:13:11 Europe/London] PHP   1. {main}() /Users/dmitryulyanov/Google Drive 2/httpd/ownster_mobile/assets/php/occasions_server/index.php:0
[21-Jan-2016 21:13:11 Europe/London] PHP   2. DataBase->__construct() /Users/dmitryulyanov/Google Drive 2/httpd/ownster_mobile/assets/php/occasions_server/index.php:12
[21-Jan-2016 21:13:11 Europe/London] PHP   3. mysql_connect() /Users/dmitryulyanov/Google Drive 2/httpd/ownster_mobile/assets/php/DataBaseClass.php:16
[21-Jan-2016 21:13:16 Europe/London] PHP Deprecated:  mysql_connect(): The mysql extension is deprecated and will be removed in the future: use mysqli or PDO instead in /Users/dmitryulyanov/Google Drive 2/httpd/ownster_mobile/assets/php/DataBaseClass.php on line 16
[21-Jan-2016 21:13:16 Europe/London] PHP Stack trace:
[21-Jan-2016 21:13:16 Europe/London] PHP   1. {main}() /Users/dmitryulyanov/Google Drive 2/httpd/ownster_mobile/assets/php/ProductServer.php:0
[21-Jan-2016 21:13:16 Europe/London] PHP   2. DataBase->__construct() /Users/dmitryulyanov/Google Drive 2/httpd/ownster_mobile/assets/php/ProductServer.php:24
[21-Jan-2016 21:13:16 Europe/London] PHP   3. mysql_connect() /Users/dmitryulyanov/Google Drive 2/httpd/ownster_mobile/assets/php/DataBaseClass.php:16
[21-Jan-2016 21:15:34 Europe/London] PHP Deprecated:  mysql_connect(): The mysql extension is deprecated and will be removed in the future: use mysqli or PDO instead in /Users/dmitryulyanov/Google Drive 2/httpd/ownster_mobile/assets/php/DataBaseClass.php on line 16
[21-Jan-2016 21:15:34 Europe/London] PHP Stack trace:
[21-Jan-2016 21:15:34 Europe/London] PHP   1. {main}() /Users/dmitryulyanov/Google Drive 2/httpd/ownster_mobile/assets/php/ProductServer.php:0
[21-Jan-2016 21:15:34 Europe/London] PHP   2. DataBase->__construct() /Users/dmitryulyanov/Google Drive 2/httpd/ownster_mobile/assets/php/ProductServer.php:24
[21-Jan-2016 21:15:34 Europe/London] PHP   3. mysql_connect() /Users/dmitryulyanov/Google Drive 2/httpd/ownster_mobile/assets/php/DataBaseClass.php:16
[21-Jan-2016 21:16:18 Europe/London] PHP Deprecated:  mysql_connect(): The mysql extension is deprecated and will be removed in the future: use mysqli or PDO instead in /Users/dmitryulyanov/Google Drive 2/httpd/ownster_mobile/assets/php/DataBaseClass.php on line 16
[21-Jan-2016 21:16:18 Europe/London] PHP Stack trace:
[21-Jan-2016 21:16:18 Europe/London] PHP   1. {main}() /Users/dmitryulyanov/Google Drive 2/httpd/ownster_mobile/assets/php/ProductServer.php:0
[21-Jan-2016 21:16:18 Europe/London] PHP   2. DataBase->__construct() /Users/dmitryulyanov/Google Drive 2/httpd/ownster_mobile/assets/php/ProductServer.php:24
[21-Jan-2016 21:16:18 Europe/London] PHP   3. mysql_connect() /Users/dmitryulyanov/Google Drive 2/httpd/ownster_mobile/assets/php/DataBaseClass.php:16
[21-Jan-2016 21:16:53 Europe/London] PHP Deprecated:  mysql_connect(): The mysql extension is deprecated and will be removed in the future: use mysqli or PDO instead in /Users/dmitryulyanov/Google Drive 2/httpd/ownster_mobile/assets/php/DataBaseClass.php on line 16
[21-Jan-2016 21:16:54 Europe/London] PHP Stack trace:
[21-Jan-2016 21:16:54 Europe/London] PHP   1. {main}() /Users/dmitryulyanov/Google Drive 2/httpd/ownster_mobile/assets/php/ProductServer.php:0
[21-Jan-2016 21:16:54 Europe/London] PHP   2. DataBase->__construct() /Users/dmitryulyanov/Google Drive 2/httpd/ownster_mobile/assets/php/ProductServer.php:24
[21-Jan-2016 21:16:54 Europe/London] PHP   3. mysql_connect() /Users/dmitryulyanov/Google Drive 2/httpd/ownster_mobile/assets/php/DataBaseClass.php:16
[21-Jan-2016 21:17:08 Europe/London] PHP Deprecated:  mysql_connect(): The mysql extension is deprecated and will be removed in the future: use mysqli or PDO instead in /Users/dmitryulyanov/Google Drive 2/httpd/ownster_mobile/assets/php/DataBaseClass.php on line 16
[21-Jan-2016 21:17:08 Europe/London] PHP Stack trace:
[21-Jan-2016 21:17:08 Europe/London] PHP   1. {main}() /Users/dmitryulyanov/Google Drive 2/httpd/ownster_mobile/assets/php/ProductServer.php:0
[21-Jan-2016 21:17:08 Europe/London] PHP   2. DataBase->__construct() /Users/dmitryulyanov/Google Drive 2/httpd/ownster_mobile/assets/php/ProductServer.php:24
[21-Jan-2016 21:17:08 Europe/London] PHP   3. mysql_connect() /Users/dmitryulyanov/Google Drive 2/httpd/ownster_mobile/assets/php/DataBaseClass.php:16
[21-Jan-2016 21:18:21 Europe/London] PHP Deprecated:  mysql_connect(): The mysql extension is deprecated and will be removed in the future: use mysqli or PDO instead in /Users/dmitryulyanov/Google Drive 2/httpd/ownster_mobile/assets/php/DataBaseClass.php on line 16
[21-Jan-2016 21:18:21 Europe/London] PHP Stack trace:
[21-Jan-2016 21:18:21 Europe/London] PHP   1. {main}() /Users/dmitryulyanov/Google Drive 2/httpd/ownster_mobile/assets/php/ProductServer.php:0
[21-Jan-2016 21:18:21 Europe/London] PHP   2. DataBase->__construct() /Users/dmitryulyanov/Google Drive 2/httpd/ownster_mobile/assets/php/ProductServer.php:24
[21-Jan-2016 21:18:21 Europe/London] PHP   3. mysql_connect() /Users/dmitryulyanov/Google Drive 2/httpd/ownster_mobile/assets/php/DataBaseClass.php:16
[21-Jan-2016 21:18:47 Europe/London] PHP Deprecated:  mysql_connect(): The mysql extension is deprecated and will be removed in the future: use mysqli or PDO instead in /Users/dmitryulyanov/Google Drive 2/httpd/ownster_mobile/assets/php/DataBaseClass.php on line 16
[21-Jan-2016 21:18:47 Europe/London] PHP Stack trace:
[21-Jan-2016 21:18:47 Europe/London] PHP   1. {main}() /Users/dmitryulyanov/Google Drive 2/httpd/ownster_mobile/assets/php/ProductServer.php:0
[21-Jan-2016 21:18:47 Europe/London] PHP   2. DataBase->__construct() /Users/dmitryulyanov/Google Drive 2/httpd/ownster_mobile/assets/php/ProductServer.php:24
[21-Jan-2016 21:18:47 Europe/London] PHP   3. mysql_connect() /Users/dmitryulyanov/Google Drive 2/httpd/ownster_mobile/assets/php/DataBaseClass.php:16
[21-Jan-2016 21:25:28 Europe/London] PHP Deprecated:  mysql_connect(): The mysql extension is deprecated and will be removed in the future: use mysqli or PDO instead in /Users/dmitryulyanov/Google Drive 2/httpd/ownster_mobile/assets/php/DataBaseClass.php on line 16
[21-Jan-2016 21:25:28 Europe/London] PHP Stack trace:
[21-Jan-2016 21:25:28 Europe/London] PHP   1. {main}() /Users/dmitryulyanov/Google Drive 2/httpd/ownster_mobile/assets/php/ProductServer.php:0
[21-Jan-2016 21:25:28 Europe/London] PHP   2. DataBase->__construct() /Users/dmitryulyanov/Google Drive 2/httpd/ownster_mobile/assets/php/ProductServer.php:24
[21-Jan-2016 21:25:28 Europe/London] PHP   3. mysql_connect() /Users/dmitryulyanov/Google Drive 2/httpd/ownster_mobile/assets/php/DataBaseClass.php:16
[21-Jan-2016 21:27:17 Europe/London] PHP Deprecated:  mysql_connect(): The mysql extension is deprecated and will be removed in the future: use mysqli or PDO instead in /Users/dmitryulyanov/Google Drive 2/httpd/ownster_mobile/assets/php/DataBaseClass.php on line 16
[21-Jan-2016 21:27:17 Europe/London] PHP Stack trace:
[21-Jan-2016 21:27:17 Europe/London] PHP   1. {main}() /Users/dmitryulyanov/Google Drive 2/httpd/ownster_mobile/assets/php/ProductServer.php:0
[21-Jan-2016 21:27:17 Europe/London] PHP   2. DataBase->__construct() /Users/dmitryulyanov/Google Drive 2/httpd/ownster_mobile/assets/php/ProductServer.php:24
[21-Jan-2016 21:27:17 Europe/London] PHP   3. mysql_connect() /Users/dmitryulyanov/Google Drive 2/httpd/ownster_mobile/assets/php/DataBaseClass.php:16
[21-Jan-2016 21:27:18 Europe/London] PHP Deprecated:  mysql_connect(): The mysql extension is deprecated and will be removed in the future: use mysqli or PDO instead in /Users/dmitryulyanov/Google Drive 2/httpd/ownster_mobile/assets/php/DataBaseClass.php on line 16
[21-Jan-2016 21:27:18 Europe/London] PHP Stack trace:
[21-Jan-2016 21:27:18 Europe/London] PHP   1. {main}() /Users/dmitryulyanov/Google Drive 2/httpd/ownster_mobile/assets/php/ProductServer.php:0
[21-Jan-2016 21:27:18 Europe/London] PHP   2. DataBase->__construct() /Users/dmitryulyanov/Google Drive 2/httpd/ownster_mobile/assets/php/ProductServer.php:24
[21-Jan-2016 21:27:18 Europe/London] PHP   3. mysql_connect() /Users/dmitryulyanov/Google Drive 2/httpd/ownster_mobile/assets/php/DataBaseClass.php:16
[21-Jan-2016 21:29:28 Europe/London] PHP Deprecated:  mysql_connect(): The mysql extension is deprecated and will be removed in the future: use mysqli or PDO instead in /Users/dmitryulyanov/Google Drive 2/httpd/ownster_mobile/assets/php/DataBaseClass.php on line 16
[21-Jan-2016 21:29:28 Europe/London] PHP Stack trace:
[21-Jan-2016 21:29:28 Europe/London] PHP   1. {main}() /Users/dmitryulyanov/Google Drive 2/httpd/ownster_mobile/assets/php/ProductServer.php:0
[21-Jan-2016 21:29:28 Europe/London] PHP   2. DataBase->__construct() /Users/dmitryulyanov/Google Drive 2/httpd/ownster_mobile/assets/php/ProductServer.php:24
[21-Jan-2016 21:29:28 Europe/London] PHP   3. mysql_connect() /Users/dmitryulyanov/Google Drive 2/httpd/ownster_mobile/assets/php/DataBaseClass.php:16
[21-Jan-2016 21:30:48 Europe/London] PHP Deprecated:  mysql_connect(): The mysql extension is deprecated and will be removed in the future: use mysqli or PDO instead in /Users/dmitryulyanov/Google Drive 2/httpd/ownster_mobile/assets/php/DataBaseClass.php on line 16
[21-Jan-2016 21:30:48 Europe/London] PHP Stack trace:
[21-Jan-2016 21:30:48 Europe/London] PHP   1. {main}() /Users/dmitryulyanov/Google Drive 2/httpd/ownster_mobile/assets/php/ProductServer.php:0
[21-Jan-2016 21:30:48 Europe/London] PHP   2. DataBase->__construct() /Users/dmitryulyanov/Google Drive 2/httpd/ownster_mobile/assets/php/ProductServer.php:24
[21-Jan-2016 21:30:48 Europe/London] PHP   3. mysql_connect() /Users/dmitryulyanov/Google Drive 2/httpd/ownster_mobile/assets/php/DataBaseClass.php:16
[21-Jan-2016 21:34:24 Europe/London] PHP Deprecated:  mysql_connect(): The mysql extension is deprecated and will be removed in the future: use mysqli or PDO instead in /Users/dmitryulyanov/Google Drive 2/httpd/ownster_mobile/assets/php/DataBaseClass.php on line 16
[21-Jan-2016 21:34:24 Europe/London] PHP Stack trace:
[21-Jan-2016 21:34:24 Europe/London] PHP   1. {main}() /Users/dmitryulyanov/Google Drive 2/httpd/ownster_mobile/assets/php/ProductServer.php:0
[21-Jan-2016 21:34:24 Europe/London] PHP   2. DataBase->__construct() /Users/dmitryulyanov/Google Drive 2/httpd/ownster_mobile/assets/php/ProductServer.php:24
[21-Jan-2016 21:34:24 Europe/London] PHP   3. mysql_connect() /Users/dmitryulyanov/Google Drive 2/httpd/ownster_mobile/assets/php/DataBaseClass.php:16
[21-Jan-2016 21:34:53 Europe/London] PHP Deprecated:  mysql_connect(): The mysql extension is deprecated and will be removed in the future: use mysqli or PDO instead in /Users/dmitryulyanov/Google Drive 2/httpd/ownster_mobile/assets/php/DataBaseClass.php on line 16
[21-Jan-2016 21:34:53 Europe/London] PHP Stack trace:
[21-Jan-2016 21:34:53 Europe/London] PHP   1. {main}() /Users/dmitryulyanov/Google Drive 2/httpd/ownster_mobile/assets/php/ProductServer.php:0
[21-Jan-2016 21:34:53 Europe/London] PHP   2. DataBase->__construct() /Users/dmitryulyanov/Google Drive 2/httpd/ownster_mobile/assets/php/ProductServer.php:24
[21-Jan-2016 21:34:53 Europe/London] PHP   3. mysql_connect() /Users/dmitryulyanov/Google Drive 2/httpd/ownster_mobile/assets/php/DataBaseClass.php:16
[21-Jan-2016 21:34:54 Europe/London] PHP Deprecated:  mysql_connect(): The mysql extension is deprecated and will be removed in the future: use mysqli or PDO instead in /Users/dmitryulyanov/Google Drive 2/httpd/ownster_mobile/assets/php/DataBaseClass.php on line 16
[21-Jan-2016 21:34:54 Europe/London] PHP Stack trace:
[21-Jan-2016 21:34:54 Europe/London] PHP   1. {main}() /Users/dmitryulyanov/Google Drive 2/httpd/ownster_mobile/assets/php/ProductServer.php:0
[21-Jan-2016 21:34:54 Europe/London] PHP   2. DataBase->__construct() /Users/dmitryulyanov/Google Drive 2/httpd/ownster_mobile/assets/php/ProductServer.php:24
[21-Jan-2016 21:34:54 Europe/London] PHP   3. mysql_connect() /Users/dmitryulyanov/Google Drive 2/httpd/ownster_mobile/assets/php/DataBaseClass.php:16
[21-Jan-2016 21:35:09 Europe/London] PHP Deprecated:  mysql_connect(): The mysql extension is deprecated and will be removed in the future: use mysqli or PDO instead in /Users/dmitryulyanov/Google Drive 2/httpd/ownster_mobile/assets/php/DataBaseClass.php on line 16
[21-Jan-2016 21:35:10 Europe/London] PHP Stack trace:
[21-Jan-2016 21:35:10 Europe/London] PHP   1. {main}() /Users/dmitryulyanov/Google Drive 2/httpd/ownster_mobile/assets/php/ProductServer.php:0
[21-Jan-2016 21:35:10 Europe/London] PHP   2. DataBase->__construct() /Users/dmitryulyanov/Google Drive 2/httpd/ownster_mobile/assets/php/ProductServer.php:24
[21-Jan-2016 21:35:10 Europe/London] PHP   3. mysql_connect() /Users/dmitryulyanov/Google Drive 2/httpd/ownster_mobile/assets/php/DataBaseClass.php:16
[21-Jan-2016 21:39:23 Europe/London] PHP Deprecated:  mysql_connect(): The mysql extension is deprecated and will be removed in the future: use mysqli or PDO instead in /Users/dmitryulyanov/Google Drive 2/httpd/ownster_mobile/assets/php/DataBaseClass.php on line 16
[21-Jan-2016 21:39:23 Europe/London] PHP Stack trace:
[21-Jan-2016 21:39:23 Europe/London] PHP   1. {main}() /Users/dmitryulyanov/Google Drive 2/httpd/ownster_mobile/assets/php/ProductServer.php:0
[21-Jan-2016 21:39:23 Europe/London] PHP   2. DataBase->__construct() /Users/dmitryulyanov/Google Drive 2/httpd/ownster_mobile/assets/php/ProductServer.php:24
[21-Jan-2016 21:39:23 Europe/London] PHP   3. mysql_connect() /Users/dmitryulyanov/Google Drive 2/httpd/ownster_mobile/assets/php/DataBaseClass.php:16
[21-Jan-2016 21:43:20 Europe/London] PHP Deprecated:  mysql_connect(): The mysql extension is deprecated and will be removed in the future: use mysqli or PDO instead in /Users/dmitryulyanov/Google Drive 2/httpd/ownster_mobile/assets/php/DataBaseClass.php on line 16
[21-Jan-2016 21:43:20 Europe/London] PHP Stack trace:
[21-Jan-2016 21:43:20 Europe/London] PHP   1. {main}() /Users/dmitryulyanov/Google Drive 2/httpd/ownster_mobile/assets/php/ProductServer.php:0
[21-Jan-2016 21:43:20 Europe/London] PHP   2. DataBase->__construct() /Users/dmitryulyanov/Google Drive 2/httpd/ownster_mobile/assets/php/ProductServer.php:24
[21-Jan-2016 21:43:20 Europe/London] PHP   3. mysql_connect() /Users/dmitryulyanov/Google Drive 2/httpd/ownster_mobile/assets/php/DataBaseClass.php:16
[21-Jan-2016 21:44:57 Europe/London] PHP Deprecated:  mysql_connect(): The mysql extension is deprecated and will be removed in the future: use mysqli or PDO instead in /Users/dmitryulyanov/Google Drive 2/httpd/ownster_mobile/assets/php/DataBaseClass.php on line 16
[21-Jan-2016 21:44:57 Europe/London] PHP Stack trace:
[21-Jan-2016 21:44:57 Europe/London] PHP   1. {main}() /Users/dmitryulyanov/Google Drive 2/httpd/ownster_mobile/assets/php/ProductServer.php:0
[21-Jan-2016 21:44:57 Europe/London] PHP   2. DataBase->__construct() /Users/dmitryulyanov/Google Drive 2/httpd/ownster_mobile/assets/php/ProductServer.php:24
[21-Jan-2016 21:44:57 Europe/London] PHP   3. mysql_connect() /Users/dmitryulyanov/Google Drive 2/httpd/ownster_mobile/assets/php/DataBaseClass.php:16
[21-Jan-2016 21:45:31 Europe/London] PHP Deprecated:  mysql_connect(): The mysql extension is deprecated and will be removed in the future: use mysqli or PDO instead in /Users/dmitryulyanov/Google Drive 2/httpd/ownster_mobile/assets/php/DataBaseClass.php on line 16
[21-Jan-2016 21:45:31 Europe/London] PHP Stack trace:
[21-Jan-2016 21:45:31 Europe/London] PHP   1. {main}() /Users/dmitryulyanov/Google Drive 2/httpd/ownster_mobile/assets/php/ProductServer.php:0
[21-Jan-2016 21:45:31 Europe/London] PHP   2. DataBase->__construct() /Users/dmitryulyanov/Google Drive 2/httpd/ownster_mobile/assets/php/ProductServer.php:24
[21-Jan-2016 21:45:31 Europe/London] PHP   3. mysql_connect() /Users/dmitryulyanov/Google Drive 2/httpd/ownster_mobile/assets/php/DataBaseClass.php:16
[21-Jan-2016 21:45:32 Europe/London] PHP Deprecated:  mysql_connect(): The mysql extension is deprecated and will be removed in the future: use mysqli or PDO instead in /Users/dmitryulyanov/Google Drive 2/httpd/ownster_mobile/assets/php/DataBaseClass.php on line 16
[21-Jan-2016 21:45:32 Europe/London] PHP Stack trace:
[21-Jan-2016 21:45:32 Europe/London] PHP   1. {main}() /Users/dmitryulyanov/Google Drive 2/httpd/ownster_mobile/assets/php/ProductServer.php:0
[21-Jan-2016 21:45:32 Europe/London] PHP   2. DataBase->__construct() /Users/dmitryulyanov/Google Drive 2/httpd/ownster_mobile/assets/php/ProductServer.php:24
[21-Jan-2016 21:45:32 Europe/London] PHP   3. mysql_connect() /Users/dmitryulyanov/Google Drive 2/httpd/ownster_mobile/assets/php/DataBaseClass.php:16
[21-Jan-2016 21:47:51 Europe/London] PHP Deprecated:  mysql_connect(): The mysql extension is deprecated and will be removed in the future: use mysqli or PDO instead in /Users/dmitryulyanov/Google Drive 2/httpd/ownster_mobile/assets/php/DataBaseClass.php on line 16
[21-Jan-2016 21:47:51 Europe/London] PHP Stack trace:
[21-Jan-2016 21:47:51 Europe/London] PHP   1. {main}() /Users/dmitryulyanov/Google Drive 2/httpd/ownster_mobile/assets/php/ProductServer.php:0
[21-Jan-2016 21:47:51 Europe/London] PHP   2. DataBase->__construct() /Users/dmitryulyanov/Google Drive 2/httpd/ownster_mobile/assets/php/ProductServer.php:24
[21-Jan-2016 21:47:51 Europe/London] PHP   3. mysql_connect() /Users/dmitryulyanov/Google Drive 2/httpd/ownster_mobile/assets/php/DataBaseClass.php:16
[21-Jan-2016 21:48:33 Europe/London] PHP Deprecated:  mysql_connect(): The mysql extension is deprecated and will be removed in the future: use mysqli or PDO instead in /Users/dmitryulyanov/Google Drive 2/httpd/ownster_mobile/assets/php/DataBaseClass.php on line 16
[21-Jan-2016 21:48:33 Europe/London] PHP Stack trace:
[21-Jan-2016 21:48:33 Europe/London] PHP   1. {main}() /Users/dmitryulyanov/Google Drive 2/httpd/ownster_mobile/assets/php/ProductServer.php:0
[21-Jan-2016 21:48:33 Europe/London] PHP   2. DataBase->__construct() /Users/dmitryulyanov/Google Drive 2/httpd/ownster_mobile/assets/php/ProductServer.php:24
[21-Jan-2016 21:48:33 Europe/London] PHP   3. mysql_connect() /Users/dmitryulyanov/Google Drive 2/httpd/ownster_mobile/assets/php/DataBaseClass.php:16
[21-Jan-2016 21:49:05 Europe/London] PHP Deprecated:  mysql_connect(): The mysql extension is deprecated and will be removed in the future: use mysqli or PDO instead in /Users/dmitryulyanov/Google Drive 2/httpd/ownster_mobile/assets/php/DataBaseClass.php on line 16
[21-Jan-2016 21:49:05 Europe/London] PHP Stack trace:
[21-Jan-2016 21:49:05 Europe/London] PHP   1. {main}() /Users/dmitryulyanov/Google Drive 2/httpd/ownster_mobile/assets/php/ProductServer.php:0
[21-Jan-2016 21:49:05 Europe/London] PHP   2. DataBase->__construct() /Users/dmitryulyanov/Google Drive 2/httpd/ownster_mobile/assets/php/ProductServer.php:24
[21-Jan-2016 21:49:05 Europe/London] PHP   3. mysql_connect() /Users/dmitryulyanov/Google Drive 2/httpd/ownster_mobile/assets/php/DataBaseClass.php:16
[21-Jan-2016 21:49:31 Europe/London] PHP Deprecated:  mysql_connect(): The mysql extension is deprecated and will be removed in the future: use mysqli or PDO instead in /Users/dmitryulyanov/Google Drive 2/httpd/ownster_mobile/assets/php/DataBaseClass.php on line 16
[21-Jan-2016 21:49:31 Europe/London] PHP Stack trace:
[21-Jan-2016 21:49:31 Europe/London] PHP   1. {main}() /Users/dmitryulyanov/Google Drive 2/httpd/ownster_mobile/assets/php/ProductServer.php:0
[21-Jan-2016 21:49:31 Europe/London] PHP   2. DataBase->__construct() /Users/dmitryulyanov/Google Drive 2/httpd/ownster_mobile/assets/php/ProductServer.php:24
[21-Jan-2016 21:49:31 Europe/London] PHP   3. mysql_connect() /Users/dmitryulyanov/Google Drive 2/httpd/ownster_mobile/assets/php/DataBaseClass.php:16
[21-Jan-2016 21:50:21 Europe/London] PHP Deprecated:  mysql_connect(): The mysql extension is deprecated and will be removed in the future: use mysqli or PDO instead in /Users/dmitryulyanov/Google Drive 2/httpd/ownster_mobile/assets/php/DataBaseClass.php on line 16
[21-Jan-2016 21:50:21 Europe/London] PHP Stack trace:
[21-Jan-2016 21:50:21 Europe/London] PHP   1. {main}() /Users/dmitryulyanov/Google Drive 2/httpd/ownster_mobile/assets/php/ProductServer.php:0
[21-Jan-2016 21:50:21 Europe/London] PHP   2. DataBase->__construct() /Users/dmitryulyanov/Google Drive 2/httpd/ownster_mobile/assets/php/ProductServer.php:24
[21-Jan-2016 21:50:21 Europe/London] PHP   3. mysql_connect() /Users/dmitryulyanov/Google Drive 2/httpd/ownster_mobile/assets/php/DataBaseClass.php:16
[21-Jan-2016 21:52:24 Europe/London] PHP Deprecated:  mysql_connect(): The mysql extension is deprecated and will be removed in the future: use mysqli or PDO instead in /Users/dmitryulyanov/Google Drive 2/httpd/ownster_mobile/assets/php/DataBaseClass.php on line 16
[21-Jan-2016 21:52:24 Europe/London] PHP Stack trace:
[21-Jan-2016 21:52:24 Europe/London] PHP   1. {main}() /Users/dmitryulyanov/Google Drive 2/httpd/ownster_mobile/assets/php/ProductServer.php:0
[21-Jan-2016 21:52:24 Europe/London] PHP   2. DataBase->__construct() /Users/dmitryulyanov/Google Drive 2/httpd/ownster_mobile/assets/php/ProductServer.php:24
[21-Jan-2016 21:52:24 Europe/London] PHP   3. mysql_connect() /Users/dmitryulyanov/Google Drive 2/httpd/ownster_mobile/assets/php/DataBaseClass.php:16
[21-Jan-2016 21:52:50 Europe/London] PHP Deprecated:  mysql_connect(): The mysql extension is deprecated and will be removed in the future: use mysqli or PDO instead in /Users/dmitryulyanov/Google Drive 2/httpd/ownster_mobile/assets/php/DataBaseClass.php on line 16
[21-Jan-2016 21:52:50 Europe/London] PHP Stack trace:
[21-Jan-2016 21:52:50 Europe/London] PHP   1. {main}() /Users/dmitryulyanov/Google Drive 2/httpd/ownster_mobile/assets/php/ProductServer.php:0
[21-Jan-2016 21:52:50 Europe/London] PHP   2. DataBase->__construct() /Users/dmitryulyanov/Google Drive 2/httpd/ownster_mobile/assets/php/ProductServer.php:24
[21-Jan-2016 21:52:50 Europe/London] PHP   3. mysql_connect() /Users/dmitryulyanov/Google Drive 2/httpd/ownster_mobile/assets/php/DataBaseClass.php:16
[21-Jan-2016 21:52:52 Europe/London] PHP Deprecated:  mysql_connect(): The mysql extension is deprecated and will be removed in the future: use mysqli or PDO instead in /Users/dmitryulyanov/Google Drive 2/httpd/ownster_mobile/assets/php/DataBaseClass.php on line 16
[21-Jan-2016 21:52:52 Europe/London] PHP Stack trace:
[21-Jan-2016 21:52:52 Europe/London] PHP   1. {main}() /Users/dmitryulyanov/Google Drive 2/httpd/ownster_mobile/assets/php/ProductServer.php:0
[21-Jan-2016 21:52:52 Europe/London] PHP   2. DataBase->__construct() /Users/dmitryulyanov/Google Drive 2/httpd/ownster_mobile/assets/php/ProductServer.php:24
[21-Jan-2016 21:52:52 Europe/London] PHP   3. mysql_connect() /Users/dmitryulyanov/Google Drive 2/httpd/ownster_mobile/assets/php/DataBaseClass.php:16
[21-Jan-2016 21:52:59 Europe/London] PHP Deprecated:  mysql_connect(): The mysql extension is deprecated and will be removed in the future: use mysqli or PDO instead in /Users/dmitryulyanov/Google Drive 2/httpd/ownster_mobile/assets/php/DataBaseClass.php on line 16
[21-Jan-2016 21:52:59 Europe/London] PHP Stack trace:
[21-Jan-2016 21:52:59 Europe/London] PHP   1. {main}() /Users/dmitryulyanov/Google Drive 2/httpd/ownster_mobile/assets/php/ProductServer.php:0
[21-Jan-2016 21:52:59 Europe/London] PHP   2. DataBase->__construct() /Users/dmitryulyanov/Google Drive 2/httpd/ownster_mobile/assets/php/ProductServer.php:24
[21-Jan-2016 21:52:59 Europe/London] PHP   3. mysql_connect() /Users/dmitryulyanov/Google Drive 2/httpd/ownster_mobile/assets/php/DataBaseClass.php:16
[21-Jan-2016 21:53:30 Europe/London] PHP Deprecated:  mysql_connect(): The mysql extension is deprecated and will be removed in the future: use mysqli or PDO instead in /Users/dmitryulyanov/Google Drive 2/httpd/ownster_mobile/assets/php/DataBaseClass.php on line 16
[21-Jan-2016 21:53:30 Europe/London] PHP Stack trace:
[21-Jan-2016 21:53:30 Europe/London] PHP   1. {main}() /Users/dmitryulyanov/Google Drive 2/httpd/ownster_mobile/assets/php/occasions_server/index.php:0
[21-Jan-2016 21:53:30 Europe/London] PHP   2. DataBase->__construct() /Users/dmitryulyanov/Google Drive 2/httpd/ownster_mobile/assets/php/occasions_server/index.php:12
[21-Jan-2016 21:53:30 Europe/London] PHP   3. mysql_connect() /Users/dmitryulyanov/Google Drive 2/httpd/ownster_mobile/assets/php/DataBaseClass.php:16
[21-Jan-2016 22:23:00 Europe/London] PHP Deprecated:  mysql_connect(): The mysql extension is deprecated and will be removed in the future: use mysqli or PDO instead in /Users/dmitryulyanov/Google Drive 2/httpd/ownster_mobile/assets/php/DataBaseClass.php on line 16
[21-Jan-2016 22:23:00 Europe/London] PHP Stack trace:
[21-Jan-2016 22:23:00 Europe/London] PHP   1. {main}() /Users/dmitryulyanov/Google Drive 2/httpd/ownster_mobile/assets/php/ProductServer.php:0
[21-Jan-2016 22:23:00 Europe/London] PHP   2. DataBase->__construct() /Users/dmitryulyanov/Google Drive 2/httpd/ownster_mobile/assets/php/ProductServer.php:24
[21-Jan-2016 22:23:00 Europe/London] PHP   3. mysql_connect() /Users/dmitryulyanov/Google Drive 2/httpd/ownster_mobile/assets/php/DataBaseClass.php:16
