[28-Jan-2016 21:18:22 UTC] PHP Warning:  date(): It is not safe to rely on the system's timezone settings. You are *required* to use the date.timezone setting or the date_default_timezone_set() function. In case you used any of those methods and you are still getting this warning, you most likely misspelled the timezone identifier. We selected the timezone 'UTC' for now, but please set date.timezone to select your timezone. in /Users/dmitryulyanov/Google Drive 2/httpd/ownster_mobile/inc/ajaxServer.php on line 6
[28-Jan-2016 21:18:22 UTC] PHP Stack trace:
[28-Jan-2016 21:18:22 UTC] PHP   1. {main}() /Users/dmitryulyanov/Google Drive 2/httpd/ownster_mobile/inc/ajaxServer.php:0
[28-Jan-2016 21:18:22 UTC] PHP   2. date() /Users/dmitryulyanov/Google Drive 2/httpd/ownster_mobile/inc/ajaxServer.php:6
[28-Jan-2016 21:18:26 Europe/London] PHP Deprecated:  mysql_connect(): The mysql extension is deprecated and will be removed in the future: use mysqli or PDO instead in /Users/dmitryulyanov/Google Drive 2/httpd/ownster_mobile/assets/php/DataBaseClass.php on line 16
[28-Jan-2016 21:18:26 Europe/London] PHP Stack trace:
[28-Jan-2016 21:18:26 Europe/London] PHP   1. {main}() /Users/dmitryulyanov/Google Drive 2/httpd/ownster_mobile/assets/php/ProductServer.php:0
[28-Jan-2016 21:18:26 Europe/London] PHP   2. DataBase->__construct() /Users/dmitryulyanov/Google Drive 2/httpd/ownster_mobile/assets/php/ProductServer.php:24
[28-Jan-2016 21:18:26 Europe/London] PHP   3. mysql_connect() /Users/dmitryulyanov/Google Drive 2/httpd/ownster_mobile/assets/php/DataBaseClass.php:16
[28-Jan-2016 21:26:38 Europe/London] PHP Deprecated:  mysql_connect(): The mysql extension is deprecated and will be removed in the future: use mysqli or PDO instead in /Users/dmitryulyanov/Google Drive 2/httpd/ownster_mobile/assets/php/DataBaseClass.php on line 16
[28-Jan-2016 21:26:38 Europe/London] PHP Stack trace:
[28-Jan-2016 21:26:38 Europe/London] PHP   1. {main}() /Users/dmitryulyanov/Google Drive 2/httpd/ownster_mobile/assets/php/ProductServer.php:0
[28-Jan-2016 21:26:38 Europe/London] PHP   2. DataBase->__construct() /Users/dmitryulyanov/Google Drive 2/httpd/ownster_mobile/assets/php/ProductServer.php:24
[28-Jan-2016 21:26:38 Europe/London] PHP   3. mysql_connect() /Users/dmitryulyanov/Google Drive 2/httpd/ownster_mobile/assets/php/DataBaseClass.php:16
[28-Jan-2016 21:26:44 Europe/London] PHP Deprecated:  mysql_connect(): The mysql extension is deprecated and will be removed in the future: use mysqli or PDO instead in /Users/dmitryulyanov/Google Drive 2/httpd/ownster_mobile/assets/php/DataBaseClass.php on line 16
[28-Jan-2016 21:26:44 Europe/London] PHP Stack trace:
[28-Jan-2016 21:26:44 Europe/London] PHP   1. {main}() /Users/dmitryulyanov/Google Drive 2/httpd/ownster_mobile/assets/php/ProductServer.php:0
[28-Jan-2016 21:26:44 Europe/London] PHP   2. DataBase->__construct() /Users/dmitryulyanov/Google Drive 2/httpd/ownster_mobile/assets/php/ProductServer.php:24
[28-Jan-2016 21:26:44 Europe/London] PHP   3. mysql_connect() /Users/dmitryulyanov/Google Drive 2/httpd/ownster_mobile/assets/php/DataBaseClass.php:16
[28-Jan-2016 21:47:32 Europe/London] PHP Deprecated:  mysql_connect(): The mysql extension is deprecated and will be removed in the future: use mysqli or PDO instead in /Users/dmitryulyanov/Google Drive 2/httpd/ownster_mobile/assets/php/DataBaseClass.php on line 16
[28-Jan-2016 21:47:32 Europe/London] PHP Stack trace:
[28-Jan-2016 21:47:32 Europe/London] PHP   1. {main}() /Users/dmitryulyanov/Google Drive 2/httpd/ownster_mobile/assets/php/ProductServer.php:0
[28-Jan-2016 21:47:32 Europe/London] PHP   2. DataBase->__construct() /Users/dmitryulyanov/Google Drive 2/httpd/ownster_mobile/assets/php/ProductServer.php:24
[28-Jan-2016 21:47:32 Europe/London] PHP   3. mysql_connect() /Users/dmitryulyanov/Google Drive 2/httpd/ownster_mobile/assets/php/DataBaseClass.php:16
[28-Jan-2016 21:47:51 Europe/London] PHP Deprecated:  mysql_connect(): The mysql extension is deprecated and will be removed in the future: use mysqli or PDO instead in /Users/dmitryulyanov/Google Drive 2/httpd/ownster_mobile/assets/php/DataBaseClass.php on line 16
[28-Jan-2016 21:47:51 Europe/London] PHP Stack trace:
[28-Jan-2016 21:47:51 Europe/London] PHP   1. {main}() /Users/dmitryulyanov/Google Drive 2/httpd/ownster_mobile/assets/php/ProductServer.php:0
[28-Jan-2016 21:47:51 Europe/London] PHP   2. DataBase->__construct() /Users/dmitryulyanov/Google Drive 2/httpd/ownster_mobile/assets/php/ProductServer.php:24
[28-Jan-2016 21:47:51 Europe/London] PHP   3. mysql_connect() /Users/dmitryulyanov/Google Drive 2/httpd/ownster_mobile/assets/php/DataBaseClass.php:16
[28-Jan-2016 21:56:40 Europe/London] PHP Deprecated:  mysql_connect(): The mysql extension is deprecated and will be removed in the future: use mysqli or PDO instead in /Users/dmitryulyanov/Google Drive 2/httpd/ownster_mobile/assets/php/DataBaseClass.php on line 16
[28-Jan-2016 21:56:40 Europe/London] PHP Stack trace:
[28-Jan-2016 21:56:40 Europe/London] PHP   1. {main}() /Users/dmitryulyanov/Google Drive 2/httpd/ownster_mobile/assets/php/ProductServer.php:0
[28-Jan-2016 21:56:40 Europe/London] PHP   2. DataBase->__construct() /Users/dmitryulyanov/Google Drive 2/httpd/ownster_mobile/assets/php/ProductServer.php:24
[28-Jan-2016 21:56:40 Europe/London] PHP   3. mysql_connect() /Users/dmitryulyanov/Google Drive 2/httpd/ownster_mobile/assets/php/DataBaseClass.php:16
[28-Jan-2016 22:02:33 Europe/London] PHP Deprecated:  mysql_connect(): The mysql extension is deprecated and will be removed in the future: use mysqli or PDO instead in /Users/dmitryulyanov/Google Drive 2/httpd/ownster_mobile/assets/php/DataBaseClass.php on line 16
[28-Jan-2016 22:02:33 Europe/London] PHP Stack trace:
[28-Jan-2016 22:02:33 Europe/London] PHP   1. {main}() /Users/dmitryulyanov/Google Drive 2/httpd/ownster_mobile/assets/php/ProductServer.php:0
[28-Jan-2016 22:02:33 Europe/London] PHP   2. DataBase->__construct() /Users/dmitryulyanov/Google Drive 2/httpd/ownster_mobile/assets/php/ProductServer.php:24
[28-Jan-2016 22:02:33 Europe/London] PHP   3. mysql_connect() /Users/dmitryulyanov/Google Drive 2/httpd/ownster_mobile/assets/php/DataBaseClass.php:16
[28-Jan-2016 22:05:59 Europe/London] PHP Deprecated:  mysql_connect(): The mysql extension is deprecated and will be removed in the future: use mysqli or PDO instead in /Users/dmitryulyanov/Google Drive 2/httpd/ownster_mobile/assets/php/DataBaseClass.php on line 16
[28-Jan-2016 22:05:59 Europe/London] PHP Stack trace:
[28-Jan-2016 22:05:59 Europe/London] PHP   1. {main}() /Users/dmitryulyanov/Google Drive 2/httpd/ownster_mobile/assets/php/ProductServer.php:0
[28-Jan-2016 22:05:59 Europe/London] PHP   2. DataBase->__construct() /Users/dmitryulyanov/Google Drive 2/httpd/ownster_mobile/assets/php/ProductServer.php:24
[28-Jan-2016 22:05:59 Europe/London] PHP   3. mysql_connect() /Users/dmitryulyanov/Google Drive 2/httpd/ownster_mobile/assets/php/DataBaseClass.php:16
[28-Jan-2016 22:06:04 Europe/London] PHP Deprecated:  mysql_connect(): The mysql extension is deprecated and will be removed in the future: use mysqli or PDO instead in /Users/dmitryulyanov/Google Drive 2/httpd/ownster_mobile/assets/php/DataBaseClass.php on line 16
[28-Jan-2016 22:06:04 Europe/London] PHP Stack trace:
[28-Jan-2016 22:06:04 Europe/London] PHP   1. {main}() /Users/dmitryulyanov/Google Drive 2/httpd/ownster_mobile/assets/php/ProductServer.php:0
[28-Jan-2016 22:06:04 Europe/London] PHP   2. DataBase->__construct() /Users/dmitryulyanov/Google Drive 2/httpd/ownster_mobile/assets/php/ProductServer.php:24
[28-Jan-2016 22:06:04 Europe/London] PHP   3. mysql_connect() /Users/dmitryulyanov/Google Drive 2/httpd/ownster_mobile/assets/php/DataBaseClass.php:16
[28-Jan-2016 22:08:03 Europe/London] PHP Deprecated:  mysql_connect(): The mysql extension is deprecated and will be removed in the future: use mysqli or PDO instead in /Users/dmitryulyanov/Google Drive 2/httpd/ownster_mobile/assets/php/DataBaseClass.php on line 16
[28-Jan-2016 22:08:03 Europe/London] PHP Stack trace:
[28-Jan-2016 22:08:03 Europe/London] PHP   1. {main}() /Users/dmitryulyanov/Google Drive 2/httpd/ownster_mobile/assets/php/ProductServer.php:0
[28-Jan-2016 22:08:03 Europe/London] PHP   2. DataBase->__construct() /Users/dmitryulyanov/Google Drive 2/httpd/ownster_mobile/assets/php/ProductServer.php:24
[28-Jan-2016 22:08:03 Europe/London] PHP   3. mysql_connect() /Users/dmitryulyanov/Google Drive 2/httpd/ownster_mobile/assets/php/DataBaseClass.php:16
[28-Jan-2016 22:13:08 Europe/London] PHP Deprecated:  mysql_connect(): The mysql extension is deprecated and will be removed in the future: use mysqli or PDO instead in /Users/dmitryulyanov/Google Drive 2/httpd/ownster_mobile/assets/php/DataBaseClass.php on line 16
[28-Jan-2016 22:13:08 Europe/London] PHP Stack trace:
[28-Jan-2016 22:13:08 Europe/London] PHP   1. {main}() /Users/dmitryulyanov/Google Drive 2/httpd/ownster_mobile/assets/php/ProductServer.php:0
[28-Jan-2016 22:13:09 Europe/London] PHP   2. DataBase->__construct() /Users/dmitryulyanov/Google Drive 2/httpd/ownster_mobile/assets/php/ProductServer.php:24
[28-Jan-2016 22:13:09 Europe/London] PHP   3. mysql_connect() /Users/dmitryulyanov/Google Drive 2/httpd/ownster_mobile/assets/php/DataBaseClass.php:16
[28-Jan-2016 22:15:00 Europe/London] PHP Deprecated:  mysql_connect(): The mysql extension is deprecated and will be removed in the future: use mysqli or PDO instead in /Users/dmitryulyanov/Google Drive 2/httpd/ownster_mobile/assets/php/DataBaseClass.php on line 16
[28-Jan-2016 22:15:00 Europe/London] PHP Stack trace:
[28-Jan-2016 22:15:00 Europe/London] PHP   1. {main}() /Users/dmitryulyanov/Google Drive 2/httpd/ownster_mobile/assets/php/ProductServer.php:0
[28-Jan-2016 22:15:00 Europe/London] PHP   2. DataBase->__construct() /Users/dmitryulyanov/Google Drive 2/httpd/ownster_mobile/assets/php/ProductServer.php:24
[28-Jan-2016 22:15:00 Europe/London] PHP   3. mysql_connect() /Users/dmitryulyanov/Google Drive 2/httpd/ownster_mobile/assets/php/DataBaseClass.php:16
[28-Jan-2016 22:18:31 Europe/London] PHP Deprecated:  mysql_connect(): The mysql extension is deprecated and will be removed in the future: use mysqli or PDO instead in /Users/dmitryulyanov/Google Drive 2/httpd/ownster_mobile/assets/php/DataBaseClass.php on line 16
[28-Jan-2016 22:18:31 Europe/London] PHP Stack trace:
[28-Jan-2016 22:18:31 Europe/London] PHP   1. {main}() /Users/dmitryulyanov/Google Drive 2/httpd/ownster_mobile/assets/php/ProductServer.php:0
[28-Jan-2016 22:18:31 Europe/London] PHP   2. DataBase->__construct() /Users/dmitryulyanov/Google Drive 2/httpd/ownster_mobile/assets/php/ProductServer.php:24
[28-Jan-2016 22:18:31 Europe/London] PHP   3. mysql_connect() /Users/dmitryulyanov/Google Drive 2/httpd/ownster_mobile/assets/php/DataBaseClass.php:16
[28-Jan-2016 22:18:34 Europe/London] PHP Deprecated:  mysql_connect(): The mysql extension is deprecated and will be removed in the future: use mysqli or PDO instead in /Users/dmitryulyanov/Google Drive 2/httpd/ownster_mobile/assets/php/DataBaseClass.php on line 16
[28-Jan-2016 22:18:34 Europe/London] PHP Stack trace:
[28-Jan-2016 22:18:34 Europe/London] PHP   1. {main}() /Users/dmitryulyanov/Google Drive 2/httpd/ownster_mobile/assets/php/ProductServer.php:0
[28-Jan-2016 22:18:34 Europe/London] PHP   2. DataBase->__construct() /Users/dmitryulyanov/Google Drive 2/httpd/ownster_mobile/assets/php/ProductServer.php:24
[28-Jan-2016 22:18:34 Europe/London] PHP   3. mysql_connect() /Users/dmitryulyanov/Google Drive 2/httpd/ownster_mobile/assets/php/DataBaseClass.php:16
[28-Jan-2016 22:19:46 Europe/London] PHP Deprecated:  mysql_connect(): The mysql extension is deprecated and will be removed in the future: use mysqli or PDO instead in /Users/dmitryulyanov/Google Drive 2/httpd/ownster_mobile/assets/php/DataBaseClass.php on line 16
[28-Jan-2016 22:19:46 Europe/London] PHP Stack trace:
[28-Jan-2016 22:19:46 Europe/London] PHP   1. {main}() /Users/dmitryulyanov/Google Drive 2/httpd/ownster_mobile/assets/php/ProductServer.php:0
[28-Jan-2016 22:19:46 Europe/London] PHP   2. DataBase->__construct() /Users/dmitryulyanov/Google Drive 2/httpd/ownster_mobile/assets/php/ProductServer.php:24
[28-Jan-2016 22:19:46 Europe/London] PHP   3. mysql_connect() /Users/dmitryulyanov/Google Drive 2/httpd/ownster_mobile/assets/php/DataBaseClass.php:16
[28-Jan-2016 22:22:24 Europe/London] PHP Deprecated:  mysql_connect(): The mysql extension is deprecated and will be removed in the future: use mysqli or PDO instead in /Users/dmitryulyanov/Google Drive 2/httpd/ownster_mobile/assets/php/DataBaseClass.php on line 16
[28-Jan-2016 22:22:24 Europe/London] PHP Stack trace:
[28-Jan-2016 22:22:24 Europe/London] PHP   1. {main}() /Users/dmitryulyanov/Google Drive 2/httpd/ownster_mobile/assets/php/ProductServer.php:0
[28-Jan-2016 22:22:24 Europe/London] PHP   2. DataBase->__construct() /Users/dmitryulyanov/Google Drive 2/httpd/ownster_mobile/assets/php/ProductServer.php:24
[28-Jan-2016 22:22:24 Europe/London] PHP   3. mysql_connect() /Users/dmitryulyanov/Google Drive 2/httpd/ownster_mobile/assets/php/DataBaseClass.php:16
[28-Jan-2016 22:22:27 Europe/London] PHP Deprecated:  mysql_connect(): The mysql extension is deprecated and will be removed in the future: use mysqli or PDO instead in /Users/dmitryulyanov/Google Drive 2/httpd/ownster_mobile/assets/php/DataBaseClass.php on line 16
[28-Jan-2016 22:22:27 Europe/London] PHP Stack trace:
[28-Jan-2016 22:22:28 Europe/London] PHP   1. {main}() /Users/dmitryulyanov/Google Drive 2/httpd/ownster_mobile/assets/php/ProductServer.php:0
[28-Jan-2016 22:22:28 Europe/London] PHP   2. DataBase->__construct() /Users/dmitryulyanov/Google Drive 2/httpd/ownster_mobile/assets/php/ProductServer.php:24
[28-Jan-2016 22:22:28 Europe/London] PHP   3. mysql_connect() /Users/dmitryulyanov/Google Drive 2/httpd/ownster_mobile/assets/php/DataBaseClass.php:16
[28-Jan-2016 22:24:25 Europe/London] PHP Deprecated:  mysql_connect(): The mysql extension is deprecated and will be removed in the future: use mysqli or PDO instead in /Users/dmitryulyanov/Google Drive 2/httpd/ownster_mobile/assets/php/DataBaseClass.php on line 16
[28-Jan-2016 22:24:25 Europe/London] PHP Stack trace:
[28-Jan-2016 22:24:25 Europe/London] PHP   1. {main}() /Users/dmitryulyanov/Google Drive 2/httpd/ownster_mobile/assets/php/ProductServer.php:0
[28-Jan-2016 22:24:25 Europe/London] PHP   2. DataBase->__construct() /Users/dmitryulyanov/Google Drive 2/httpd/ownster_mobile/assets/php/ProductServer.php:24
[28-Jan-2016 22:24:25 Europe/London] PHP   3. mysql_connect() /Users/dmitryulyanov/Google Drive 2/httpd/ownster_mobile/assets/php/DataBaseClass.php:16
[28-Jan-2016 22:25:10 Europe/London] PHP Deprecated:  mysql_connect(): The mysql extension is deprecated and will be removed in the future: use mysqli or PDO instead in /Users/dmitryulyanov/Google Drive 2/httpd/ownster_mobile/assets/php/DataBaseClass.php on line 16
[28-Jan-2016 22:25:10 Europe/London] PHP Stack trace:
[28-Jan-2016 22:25:10 Europe/London] PHP   1. {main}() /Users/dmitryulyanov/Google Drive 2/httpd/ownster_mobile/assets/php/ProductServer.php:0
[28-Jan-2016 22:25:10 Europe/London] PHP   2. DataBase->__construct() /Users/dmitryulyanov/Google Drive 2/httpd/ownster_mobile/assets/php/ProductServer.php:24
[28-Jan-2016 22:25:10 Europe/London] PHP   3. mysql_connect() /Users/dmitryulyanov/Google Drive 2/httpd/ownster_mobile/assets/php/DataBaseClass.php:16
[28-Jan-2016 22:25:10 Europe/London] PHP Deprecated:  mysql_connect(): The mysql extension is deprecated and will be removed in the future: use mysqli or PDO instead in /Users/dmitryulyanov/Google Drive 2/httpd/ownster_mobile/assets/php/DataBaseClass.php on line 16
[28-Jan-2016 22:25:10 Europe/London] PHP Stack trace:
[28-Jan-2016 22:25:10 Europe/London] PHP   1. {main}() /Users/dmitryulyanov/Google Drive 2/httpd/ownster_mobile/assets/php/ProductServer.php:0
[28-Jan-2016 22:25:10 Europe/London] PHP   2. DataBase->__construct() /Users/dmitryulyanov/Google Drive 2/httpd/ownster_mobile/assets/php/ProductServer.php:24
[28-Jan-2016 22:25:10 Europe/London] PHP   3. mysql_connect() /Users/dmitryulyanov/Google Drive 2/httpd/ownster_mobile/assets/php/DataBaseClass.php:16
[28-Jan-2016 22:25:15 Europe/London] PHP Deprecated:  mysql_connect(): The mysql extension is deprecated and will be removed in the future: use mysqli or PDO instead in /Users/dmitryulyanov/Google Drive 2/httpd/ownster_mobile/assets/php/DataBaseClass.php on line 16
[28-Jan-2016 22:25:15 Europe/London] PHP Stack trace:
[28-Jan-2016 22:25:15 Europe/London] PHP   1. {main}() /Users/dmitryulyanov/Google Drive 2/httpd/ownster_mobile/assets/php/ProductServer.php:0
[28-Jan-2016 22:25:15 Europe/London] PHP   2. DataBase->__construct() /Users/dmitryulyanov/Google Drive 2/httpd/ownster_mobile/assets/php/ProductServer.php:24
[28-Jan-2016 22:25:15 Europe/London] PHP   3. mysql_connect() /Users/dmitryulyanov/Google Drive 2/httpd/ownster_mobile/assets/php/DataBaseClass.php:16
[28-Jan-2016 22:29:39 Europe/London] PHP Deprecated:  mysql_connect(): The mysql extension is deprecated and will be removed in the future: use mysqli or PDO instead in /Users/dmitryulyanov/Google Drive 2/httpd/ownster_mobile/assets/php/DataBaseClass.php on line 16
[28-Jan-2016 22:29:39 Europe/London] PHP Stack trace:
[28-Jan-2016 22:29:39 Europe/London] PHP   1. {main}() /Users/dmitryulyanov/Google Drive 2/httpd/ownster_mobile/assets/php/ProductServer.php:0
[28-Jan-2016 22:29:39 Europe/London] PHP   2. DataBase->__construct() /Users/dmitryulyanov/Google Drive 2/httpd/ownster_mobile/assets/php/ProductServer.php:24
[28-Jan-2016 22:29:39 Europe/London] PHP   3. mysql_connect() /Users/dmitryulyanov/Google Drive 2/httpd/ownster_mobile/assets/php/DataBaseClass.php:16
[28-Jan-2016 22:29:48 Europe/London] PHP Deprecated:  mysql_connect(): The mysql extension is deprecated and will be removed in the future: use mysqli or PDO instead in /Users/dmitryulyanov/Google Drive 2/httpd/ownster_mobile/assets/php/DataBaseClass.php on line 16
[28-Jan-2016 22:29:48 Europe/London] PHP Stack trace:
[28-Jan-2016 22:29:48 Europe/London] PHP   1. {main}() /Users/dmitryulyanov/Google Drive 2/httpd/ownster_mobile/assets/php/ProductServer.php:0
[28-Jan-2016 22:29:48 Europe/London] PHP   2. DataBase->__construct() /Users/dmitryulyanov/Google Drive 2/httpd/ownster_mobile/assets/php/ProductServer.php:24
[28-Jan-2016 22:29:48 Europe/London] PHP   3. mysql_connect() /Users/dmitryulyanov/Google Drive 2/httpd/ownster_mobile/assets/php/DataBaseClass.php:16
[28-Jan-2016 22:30:05 Europe/London] PHP Deprecated:  mysql_connect(): The mysql extension is deprecated and will be removed in the future: use mysqli or PDO instead in /Users/dmitryulyanov/Google Drive 2/httpd/ownster_mobile/assets/php/DataBaseClass.php on line 16
[28-Jan-2016 22:30:05 Europe/London] PHP Stack trace:
[28-Jan-2016 22:30:05 Europe/London] PHP   1. {main}() /Users/dmitryulyanov/Google Drive 2/httpd/ownster_mobile/assets/php/ProductServer.php:0
[28-Jan-2016 22:30:05 Europe/London] PHP   2. DataBase->__construct() /Users/dmitryulyanov/Google Drive 2/httpd/ownster_mobile/assets/php/ProductServer.php:24
[28-Jan-2016 22:30:05 Europe/London] PHP   3. mysql_connect() /Users/dmitryulyanov/Google Drive 2/httpd/ownster_mobile/assets/php/DataBaseClass.php:16
[28-Jan-2016 22:31:24 Europe/London] PHP Deprecated:  mysql_connect(): The mysql extension is deprecated and will be removed in the future: use mysqli or PDO instead in /Users/dmitryulyanov/Google Drive 2/httpd/ownster_mobile/assets/php/DataBaseClass.php on line 16
[28-Jan-2016 22:31:24 Europe/London] PHP Stack trace:
[28-Jan-2016 22:31:24 Europe/London] PHP   1. {main}() /Users/dmitryulyanov/Google Drive 2/httpd/ownster_mobile/assets/php/ProductServer.php:0
[28-Jan-2016 22:31:24 Europe/London] PHP   2. DataBase->__construct() /Users/dmitryulyanov/Google Drive 2/httpd/ownster_mobile/assets/php/ProductServer.php:24
[28-Jan-2016 22:31:24 Europe/London] PHP   3. mysql_connect() /Users/dmitryulyanov/Google Drive 2/httpd/ownster_mobile/assets/php/DataBaseClass.php:16
[28-Jan-2016 22:32:48 Europe/London] PHP Deprecated:  mysql_connect(): The mysql extension is deprecated and will be removed in the future: use mysqli or PDO instead in /Users/dmitryulyanov/Google Drive 2/httpd/ownster_mobile/assets/php/DataBaseClass.php on line 16
[28-Jan-2016 22:32:48 Europe/London] PHP Stack trace:
[28-Jan-2016 22:32:48 Europe/London] PHP   1. {main}() /Users/dmitryulyanov/Google Drive 2/httpd/ownster_mobile/assets/php/ProductServer.php:0
[28-Jan-2016 22:32:48 Europe/London] PHP   2. DataBase->__construct() /Users/dmitryulyanov/Google Drive 2/httpd/ownster_mobile/assets/php/ProductServer.php:24
[28-Jan-2016 22:32:48 Europe/London] PHP   3. mysql_connect() /Users/dmitryulyanov/Google Drive 2/httpd/ownster_mobile/assets/php/DataBaseClass.php:16
[28-Jan-2016 22:33:37 Europe/London] PHP Deprecated:  mysql_connect(): The mysql extension is deprecated and will be removed in the future: use mysqli or PDO instead in /Users/dmitryulyanov/Google Drive 2/httpd/ownster_mobile/assets/php/DataBaseClass.php on line 16
[28-Jan-2016 22:33:37 Europe/London] PHP Stack trace:
[28-Jan-2016 22:33:37 Europe/London] PHP   1. {main}() /Users/dmitryulyanov/Google Drive 2/httpd/ownster_mobile/assets/php/ProductServer.php:0
[28-Jan-2016 22:33:37 Europe/London] PHP   2. DataBase->__construct() /Users/dmitryulyanov/Google Drive 2/httpd/ownster_mobile/assets/php/ProductServer.php:24
[28-Jan-2016 22:33:37 Europe/London] PHP   3. mysql_connect() /Users/dmitryulyanov/Google Drive 2/httpd/ownster_mobile/assets/php/DataBaseClass.php:16
[28-Jan-2016 22:34:39 Europe/London] PHP Deprecated:  mysql_connect(): The mysql extension is deprecated and will be removed in the future: use mysqli or PDO instead in /Users/dmitryulyanov/Google Drive 2/httpd/ownster_mobile/assets/php/DataBaseClass.php on line 16
[28-Jan-2016 22:34:39 Europe/London] PHP Stack trace:
[28-Jan-2016 22:34:39 Europe/London] PHP   1. {main}() /Users/dmitryulyanov/Google Drive 2/httpd/ownster_mobile/assets/php/ProductServer.php:0
[28-Jan-2016 22:34:39 Europe/London] PHP   2. DataBase->__construct() /Users/dmitryulyanov/Google Drive 2/httpd/ownster_mobile/assets/php/ProductServer.php:24
[28-Jan-2016 22:34:39 Europe/London] PHP   3. mysql_connect() /Users/dmitryulyanov/Google Drive 2/httpd/ownster_mobile/assets/php/DataBaseClass.php:16
[28-Jan-2016 22:36:01 Europe/London] PHP Deprecated:  mysql_connect(): The mysql extension is deprecated and will be removed in the future: use mysqli or PDO instead in /Users/dmitryulyanov/Google Drive 2/httpd/ownster_mobile/assets/php/DataBaseClass.php on line 16
[28-Jan-2016 22:36:01 Europe/London] PHP Stack trace:
[28-Jan-2016 22:36:01 Europe/London] PHP   1. {main}() /Users/dmitryulyanov/Google Drive 2/httpd/ownster_mobile/assets/php/ProductServer.php:0
[28-Jan-2016 22:36:01 Europe/London] PHP   2. DataBase->__construct() /Users/dmitryulyanov/Google Drive 2/httpd/ownster_mobile/assets/php/ProductServer.php:24
[28-Jan-2016 22:36:01 Europe/London] PHP   3. mysql_connect() /Users/dmitryulyanov/Google Drive 2/httpd/ownster_mobile/assets/php/DataBaseClass.php:16
[28-Jan-2016 22:36:04 Europe/London] PHP Deprecated:  mysql_connect(): The mysql extension is deprecated and will be removed in the future: use mysqli or PDO instead in /Users/dmitryulyanov/Google Drive 2/httpd/ownster_mobile/assets/php/DataBaseClass.php on line 16
[28-Jan-2016 22:36:04 Europe/London] PHP Stack trace:
[28-Jan-2016 22:36:04 Europe/London] PHP   1. {main}() /Users/dmitryulyanov/Google Drive 2/httpd/ownster_mobile/assets/php/ProductServer.php:0
[28-Jan-2016 22:36:04 Europe/London] PHP   2. DataBase->__construct() /Users/dmitryulyanov/Google Drive 2/httpd/ownster_mobile/assets/php/ProductServer.php:24
[28-Jan-2016 22:36:05 Europe/London] PHP   3. mysql_connect() /Users/dmitryulyanov/Google Drive 2/httpd/ownster_mobile/assets/php/DataBaseClass.php:16
[28-Jan-2016 22:36:51 Europe/London] PHP Deprecated:  mysql_connect(): The mysql extension is deprecated and will be removed in the future: use mysqli or PDO instead in /Users/dmitryulyanov/Google Drive 2/httpd/ownster_mobile/assets/php/DataBaseClass.php on line 16
[28-Jan-2016 22:36:51 Europe/London] PHP Stack trace:
[28-Jan-2016 22:36:51 Europe/London] PHP   1. {main}() /Users/dmitryulyanov/Google Drive 2/httpd/ownster_mobile/assets/php/ProductServer.php:0
[28-Jan-2016 22:36:51 Europe/London] PHP   2. DataBase->__construct() /Users/dmitryulyanov/Google Drive 2/httpd/ownster_mobile/assets/php/ProductServer.php:24
[28-Jan-2016 22:36:51 Europe/London] PHP   3. mysql_connect() /Users/dmitryulyanov/Google Drive 2/httpd/ownster_mobile/assets/php/DataBaseClass.php:16
[28-Jan-2016 22:36:51 Europe/London] PHP Deprecated:  mysql_connect(): The mysql extension is deprecated and will be removed in the future: use mysqli or PDO instead in /Users/dmitryulyanov/Google Drive 2/httpd/ownster_mobile/assets/php/DataBaseClass.php on line 16
[28-Jan-2016 22:36:51 Europe/London] PHP Stack trace:
[28-Jan-2016 22:36:51 Europe/London] PHP   1. {main}() /Users/dmitryulyanov/Google Drive 2/httpd/ownster_mobile/assets/php/ProductServer.php:0
[28-Jan-2016 22:36:51 Europe/London] PHP   2. DataBase->__construct() /Users/dmitryulyanov/Google Drive 2/httpd/ownster_mobile/assets/php/ProductServer.php:24
[28-Jan-2016 22:36:51 Europe/London] PHP   3. mysql_connect() /Users/dmitryulyanov/Google Drive 2/httpd/ownster_mobile/assets/php/DataBaseClass.php:16
[28-Jan-2016 22:36:58 Europe/London] PHP Deprecated:  mysql_connect(): The mysql extension is deprecated and will be removed in the future: use mysqli or PDO instead in /Users/dmitryulyanov/Google Drive 2/httpd/ownster_mobile/assets/php/DataBaseClass.php on line 16
[28-Jan-2016 22:36:58 Europe/London] PHP Stack trace:
[28-Jan-2016 22:36:58 Europe/London] PHP   1. {main}() /Users/dmitryulyanov/Google Drive 2/httpd/ownster_mobile/assets/php/ProductServer.php:0
[28-Jan-2016 22:36:58 Europe/London] PHP   2. DataBase->__construct() /Users/dmitryulyanov/Google Drive 2/httpd/ownster_mobile/assets/php/ProductServer.php:24
[28-Jan-2016 22:36:58 Europe/London] PHP   3. mysql_connect() /Users/dmitryulyanov/Google Drive 2/httpd/ownster_mobile/assets/php/DataBaseClass.php:16
[28-Jan-2016 22:40:19 Europe/London] PHP Deprecated:  mysql_connect(): The mysql extension is deprecated and will be removed in the future: use mysqli or PDO instead in /Users/dmitryulyanov/Google Drive 2/httpd/ownster_mobile/assets/php/DataBaseClass.php on line 16
[28-Jan-2016 22:40:19 Europe/London] PHP Stack trace:
[28-Jan-2016 22:40:19 Europe/London] PHP   1. {main}() /Users/dmitryulyanov/Google Drive 2/httpd/ownster_mobile/assets/php/ProductServer.php:0
[28-Jan-2016 22:40:19 Europe/London] PHP   2. DataBase->__construct() /Users/dmitryulyanov/Google Drive 2/httpd/ownster_mobile/assets/php/ProductServer.php:24
[28-Jan-2016 22:40:19 Europe/London] PHP   3. mysql_connect() /Users/dmitryulyanov/Google Drive 2/httpd/ownster_mobile/assets/php/DataBaseClass.php:16
[28-Jan-2016 22:41:12 Europe/London] PHP Deprecated:  mysql_connect(): The mysql extension is deprecated and will be removed in the future: use mysqli or PDO instead in /Users/dmitryulyanov/Google Drive 2/httpd/ownster_mobile/assets/php/DataBaseClass.php on line 16
[28-Jan-2016 22:41:12 Europe/London] PHP Stack trace:
[28-Jan-2016 22:41:12 Europe/London] PHP   1. {main}() /Users/dmitryulyanov/Google Drive 2/httpd/ownster_mobile/assets/php/ProductServer.php:0
[28-Jan-2016 22:41:12 Europe/London] PHP   2. DataBase->__construct() /Users/dmitryulyanov/Google Drive 2/httpd/ownster_mobile/assets/php/ProductServer.php:24
[28-Jan-2016 22:41:13 Europe/London] PHP   3. mysql_connect() /Users/dmitryulyanov/Google Drive 2/httpd/ownster_mobile/assets/php/DataBaseClass.php:16
[28-Jan-2016 22:42:02 Europe/London] PHP Deprecated:  mysql_connect(): The mysql extension is deprecated and will be removed in the future: use mysqli or PDO instead in /Users/dmitryulyanov/Google Drive 2/httpd/ownster_mobile/assets/php/DataBaseClass.php on line 16
[28-Jan-2016 22:42:02 Europe/London] PHP Stack trace:
[28-Jan-2016 22:42:02 Europe/London] PHP   1. {main}() /Users/dmitryulyanov/Google Drive 2/httpd/ownster_mobile/assets/php/ProductServer.php:0
[28-Jan-2016 22:42:02 Europe/London] PHP   2. DataBase->__construct() /Users/dmitryulyanov/Google Drive 2/httpd/ownster_mobile/assets/php/ProductServer.php:24
[28-Jan-2016 22:42:02 Europe/London] PHP   3. mysql_connect() /Users/dmitryulyanov/Google Drive 2/httpd/ownster_mobile/assets/php/DataBaseClass.php:16
[28-Jan-2016 22:42:15 Europe/London] PHP Deprecated:  mysql_connect(): The mysql extension is deprecated and will be removed in the future: use mysqli or PDO instead in /Users/dmitryulyanov/Google Drive 2/httpd/ownster_mobile/assets/php/DataBaseClass.php on line 16
[28-Jan-2016 22:42:15 Europe/London] PHP Stack trace:
[28-Jan-2016 22:42:15 Europe/London] PHP   1. {main}() /Users/dmitryulyanov/Google Drive 2/httpd/ownster_mobile/assets/php/ProductServer.php:0
[28-Jan-2016 22:42:15 Europe/London] PHP   2. DataBase->__construct() /Users/dmitryulyanov/Google Drive 2/httpd/ownster_mobile/assets/php/ProductServer.php:24
[28-Jan-2016 22:42:15 Europe/London] PHP   3. mysql_connect() /Users/dmitryulyanov/Google Drive 2/httpd/ownster_mobile/assets/php/DataBaseClass.php:16
[28-Jan-2016 22:42:22 Europe/London] PHP Deprecated:  mysql_connect(): The mysql extension is deprecated and will be removed in the future: use mysqli or PDO instead in /Users/dmitryulyanov/Google Drive 2/httpd/ownster_mobile/assets/php/DataBaseClass.php on line 16
[28-Jan-2016 22:42:22 Europe/London] PHP Stack trace:
[28-Jan-2016 22:42:22 Europe/London] PHP   1. {main}() /Users/dmitryulyanov/Google Drive 2/httpd/ownster_mobile/assets/php/ProductServer.php:0
[28-Jan-2016 22:42:22 Europe/London] PHP   2. DataBase->__construct() /Users/dmitryulyanov/Google Drive 2/httpd/ownster_mobile/assets/php/ProductServer.php:24
[28-Jan-2016 22:42:22 Europe/London] PHP   3. mysql_connect() /Users/dmitryulyanov/Google Drive 2/httpd/ownster_mobile/assets/php/DataBaseClass.php:16
[28-Jan-2016 22:43:43 Europe/London] PHP Deprecated:  mysql_connect(): The mysql extension is deprecated and will be removed in the future: use mysqli or PDO instead in /Users/dmitryulyanov/Google Drive 2/httpd/ownster_mobile/assets/php/DataBaseClass.php on line 16
[28-Jan-2016 22:43:43 Europe/London] PHP Stack trace:
[28-Jan-2016 22:43:43 Europe/London] PHP   1. {main}() /Users/dmitryulyanov/Google Drive 2/httpd/ownster_mobile/assets/php/ProductServer.php:0
[28-Jan-2016 22:43:43 Europe/London] PHP   2. DataBase->__construct() /Users/dmitryulyanov/Google Drive 2/httpd/ownster_mobile/assets/php/ProductServer.php:24
[28-Jan-2016 22:43:43 Europe/London] PHP   3. mysql_connect() /Users/dmitryulyanov/Google Drive 2/httpd/ownster_mobile/assets/php/DataBaseClass.php:16
[28-Jan-2016 22:43:43 Europe/London] PHP Deprecated:  mysql_connect(): The mysql extension is deprecated and will be removed in the future: use mysqli or PDO instead in /Users/dmitryulyanov/Google Drive 2/httpd/ownster_mobile/assets/php/DataBaseClass.php on line 16
[28-Jan-2016 22:43:43 Europe/London] PHP Stack trace:
[28-Jan-2016 22:43:43 Europe/London] PHP   1. {main}() /Users/dmitryulyanov/Google Drive 2/httpd/ownster_mobile/assets/php/ProductServer.php:0
[28-Jan-2016 22:43:43 Europe/London] PHP   2. DataBase->__construct() /Users/dmitryulyanov/Google Drive 2/httpd/ownster_mobile/assets/php/ProductServer.php:24
[28-Jan-2016 22:43:43 Europe/London] PHP   3. mysql_connect() /Users/dmitryulyanov/Google Drive 2/httpd/ownster_mobile/assets/php/DataBaseClass.php:16
[28-Jan-2016 22:43:48 Europe/London] PHP Deprecated:  mysql_connect(): The mysql extension is deprecated and will be removed in the future: use mysqli or PDO instead in /Users/dmitryulyanov/Google Drive 2/httpd/ownster_mobile/assets/php/DataBaseClass.php on line 16
[28-Jan-2016 22:43:48 Europe/London] PHP Stack trace:
[28-Jan-2016 22:43:48 Europe/London] PHP   1. {main}() /Users/dmitryulyanov/Google Drive 2/httpd/ownster_mobile/assets/php/ProductServer.php:0
[28-Jan-2016 22:43:48 Europe/London] PHP   2. DataBase->__construct() /Users/dmitryulyanov/Google Drive 2/httpd/ownster_mobile/assets/php/ProductServer.php:24
[28-Jan-2016 22:43:48 Europe/London] PHP   3. mysql_connect() /Users/dmitryulyanov/Google Drive 2/httpd/ownster_mobile/assets/php/DataBaseClass.php:16
[28-Jan-2016 22:48:43 Europe/London] PHP Deprecated:  mysql_connect(): The mysql extension is deprecated and will be removed in the future: use mysqli or PDO instead in /Users/dmitryulyanov/Google Drive 2/httpd/ownster_mobile/assets/php/DataBaseClass.php on line 16
[28-Jan-2016 22:48:43 Europe/London] PHP Stack trace:
[28-Jan-2016 22:48:43 Europe/London] PHP   1. {main}() /Users/dmitryulyanov/Google Drive 2/httpd/ownster_mobile/assets/php/ProductServer.php:0
[28-Jan-2016 22:48:43 Europe/London] PHP   2. DataBase->__construct() /Users/dmitryulyanov/Google Drive 2/httpd/ownster_mobile/assets/php/ProductServer.php:24
[28-Jan-2016 22:48:43 Europe/London] PHP   3. mysql_connect() /Users/dmitryulyanov/Google Drive 2/httpd/ownster_mobile/assets/php/DataBaseClass.php:16
[28-Jan-2016 22:49:36 Europe/London] PHP Deprecated:  mysql_connect(): The mysql extension is deprecated and will be removed in the future: use mysqli or PDO instead in /Users/dmitryulyanov/Google Drive 2/httpd/ownster_mobile/assets/php/DataBaseClass.php on line 16
[28-Jan-2016 22:49:36 Europe/London] PHP Stack trace:
[28-Jan-2016 22:49:36 Europe/London] PHP   1. {main}() /Users/dmitryulyanov/Google Drive 2/httpd/ownster_mobile/assets/php/occasions_server/index.php:0
[28-Jan-2016 22:49:36 Europe/London] PHP   2. DataBase->__construct() /Users/dmitryulyanov/Google Drive 2/httpd/ownster_mobile/assets/php/occasions_server/index.php:12
[28-Jan-2016 22:49:36 Europe/London] PHP   3. mysql_connect() /Users/dmitryulyanov/Google Drive 2/httpd/ownster_mobile/assets/php/DataBaseClass.php:16
[28-Jan-2016 22:51:15 Europe/London] PHP Deprecated:  mysql_connect(): The mysql extension is deprecated and will be removed in the future: use mysqli or PDO instead in /Users/dmitryulyanov/Google Drive 2/httpd/ownster_mobile/assets/php/DataBaseClass.php on line 16
[28-Jan-2016 22:51:15 Europe/London] PHP Stack trace:
[28-Jan-2016 22:51:15 Europe/London] PHP   1. {main}() /Users/dmitryulyanov/Google Drive 2/httpd/ownster_mobile/assets/php/ProductServer.php:0
[28-Jan-2016 22:51:15 Europe/London] PHP   2. DataBase->__construct() /Users/dmitryulyanov/Google Drive 2/httpd/ownster_mobile/assets/php/ProductServer.php:24
[28-Jan-2016 22:51:15 Europe/London] PHP   3. mysql_connect() /Users/dmitryulyanov/Google Drive 2/httpd/ownster_mobile/assets/php/DataBaseClass.php:16
[28-Jan-2016 22:51:40 Europe/London] PHP Deprecated:  mysql_connect(): The mysql extension is deprecated and will be removed in the future: use mysqli or PDO instead in /Users/dmitryulyanov/Google Drive 2/httpd/ownster_mobile/assets/php/DataBaseClass.php on line 16
[28-Jan-2016 22:51:40 Europe/London] PHP Stack trace:
[28-Jan-2016 22:51:40 Europe/London] PHP   1. {main}() /Users/dmitryulyanov/Google Drive 2/httpd/ownster_mobile/assets/php/ProductServer.php:0
[28-Jan-2016 22:51:41 Europe/London] PHP   2. DataBase->__construct() /Users/dmitryulyanov/Google Drive 2/httpd/ownster_mobile/assets/php/ProductServer.php:24
[28-Jan-2016 22:51:41 Europe/London] PHP   3. mysql_connect() /Users/dmitryulyanov/Google Drive 2/httpd/ownster_mobile/assets/php/DataBaseClass.php:16
