[22-Jan-2016 12:56:17 Europe/London] PHP Deprecated:  mysql_connect(): The mysql extension is deprecated and will be removed in the future: use mysqli or PDO instead in /Users/dmitryulyanov/Google Drive 2/httpd/ownster_mobile/assets/php/DataBaseClass.php on line 16
[22-Jan-2016 12:56:17 Europe/London] PHP Stack trace:
[22-Jan-2016 12:56:17 Europe/London] PHP   1. {main}() /Users/dmitryulyanov/Google Drive 2/httpd/ownster_mobile/assets/php/ProductServer.php:0
[22-Jan-2016 12:56:17 Europe/London] PHP   2. DataBase->__construct() /Users/dmitryulyanov/Google Drive 2/httpd/ownster_mobile/assets/php/ProductServer.php:24
[22-Jan-2016 12:56:17 Europe/London] PHP   3. mysql_connect() /Users/dmitryulyanov/Google Drive 2/httpd/ownster_mobile/assets/php/DataBaseClass.php:16
[22-Jan-2016 16:17:33 Europe/London] PHP Deprecated:  mysql_connect(): The mysql extension is deprecated and will be removed in the future: use mysqli or PDO instead in /Users/dmitryulyanov/Google Drive 2/httpd/ownster_mobile/assets/php/DataBaseClass.php on line 16
[22-Jan-2016 16:17:33 Europe/London] PHP Stack trace:
[22-Jan-2016 16:17:33 Europe/London] PHP   1. {main}() /Users/dmitryulyanov/Google Drive 2/httpd/ownster_mobile/assets/php/ProductServer.php:0
[22-Jan-2016 16:17:33 Europe/London] PHP   2. DataBase->__construct() /Users/dmitryulyanov/Google Drive 2/httpd/ownster_mobile/assets/php/ProductServer.php:24
[22-Jan-2016 16:17:33 Europe/London] PHP   3. mysql_connect() /Users/dmitryulyanov/Google Drive 2/httpd/ownster_mobile/assets/php/DataBaseClass.php:16
[22-Jan-2016 16:30:26 Europe/London] PHP Deprecated:  mysql_connect(): The mysql extension is deprecated and will be removed in the future: use mysqli or PDO instead in /Users/dmitryulyanov/Google Drive 2/httpd/ownster_mobile/assets/php/DataBaseClass.php on line 16
[22-Jan-2016 16:30:26 Europe/London] PHP Stack trace:
[22-Jan-2016 16:30:26 Europe/London] PHP   1. {main}() /Users/dmitryulyanov/Google Drive 2/httpd/ownster_mobile/assets/php/ProductServer.php:0
[22-Jan-2016 16:30:26 Europe/London] PHP   2. DataBase->__construct() /Users/dmitryulyanov/Google Drive 2/httpd/ownster_mobile/assets/php/ProductServer.php:24
[22-Jan-2016 16:30:26 Europe/London] PHP   3. mysql_connect() /Users/dmitryulyanov/Google Drive 2/httpd/ownster_mobile/assets/php/DataBaseClass.php:16
[22-Jan-2016 16:40:20 Europe/London] PHP Deprecated:  mysql_connect(): The mysql extension is deprecated and will be removed in the future: use mysqli or PDO instead in /Users/dmitryulyanov/Google Drive 2/httpd/ownster_mobile/assets/php/DataBaseClass.php on line 16
[22-Jan-2016 16:40:20 Europe/London] PHP Stack trace:
[22-Jan-2016 16:40:20 Europe/London] PHP   1. {main}() /Users/dmitryulyanov/Google Drive 2/httpd/ownster_mobile/assets/php/ProductServer.php:0
[22-Jan-2016 16:40:20 Europe/London] PHP   2. DataBase->__construct() /Users/dmitryulyanov/Google Drive 2/httpd/ownster_mobile/assets/php/ProductServer.php:24
[22-Jan-2016 16:40:20 Europe/London] PHP   3. mysql_connect() /Users/dmitryulyanov/Google Drive 2/httpd/ownster_mobile/assets/php/DataBaseClass.php:16
[22-Jan-2016 16:40:26 Europe/London] PHP Deprecated:  mysql_connect(): The mysql extension is deprecated and will be removed in the future: use mysqli or PDO instead in /Users/dmitryulyanov/Google Drive 2/httpd/ownster_mobile/assets/php/DataBaseClass.php on line 16
[22-Jan-2016 16:40:26 Europe/London] PHP Stack trace:
[22-Jan-2016 16:40:27 Europe/London] PHP   1. {main}() /Users/dmitryulyanov/Google Drive 2/httpd/ownster_mobile/assets/php/ProductServer.php:0
[22-Jan-2016 16:40:27 Europe/London] PHP   2. DataBase->__construct() /Users/dmitryulyanov/Google Drive 2/httpd/ownster_mobile/assets/php/ProductServer.php:24
[22-Jan-2016 16:40:27 Europe/London] PHP   3. mysql_connect() /Users/dmitryulyanov/Google Drive 2/httpd/ownster_mobile/assets/php/DataBaseClass.php:16
[22-Jan-2016 16:41:37 Europe/London] PHP Deprecated:  mysql_connect(): The mysql extension is deprecated and will be removed in the future: use mysqli or PDO instead in /Users/dmitryulyanov/Google Drive 2/httpd/ownster_mobile/assets/php/DataBaseClass.php on line 16
[22-Jan-2016 16:41:37 Europe/London] PHP Stack trace:
[22-Jan-2016 16:41:37 Europe/London] PHP   1. {main}() /Users/dmitryulyanov/Google Drive 2/httpd/ownster_mobile/assets/php/ProductServer.php:0
[22-Jan-2016 16:41:37 Europe/London] PHP   2. DataBase->__construct() /Users/dmitryulyanov/Google Drive 2/httpd/ownster_mobile/assets/php/ProductServer.php:24
[22-Jan-2016 16:41:37 Europe/London] PHP   3. mysql_connect() /Users/dmitryulyanov/Google Drive 2/httpd/ownster_mobile/assets/php/DataBaseClass.php:16
[22-Jan-2016 16:43:23 Europe/London] PHP Deprecated:  mysql_connect(): The mysql extension is deprecated and will be removed in the future: use mysqli or PDO instead in /Users/dmitryulyanov/Google Drive 2/httpd/ownster_mobile/assets/php/DataBaseClass.php on line 16
[22-Jan-2016 16:43:23 Europe/London] PHP Stack trace:
[22-Jan-2016 16:43:23 Europe/London] PHP   1. {main}() /Users/dmitryulyanov/Google Drive 2/httpd/ownster_mobile/assets/php/ProductServer.php:0
[22-Jan-2016 16:43:23 Europe/London] PHP   2. DataBase->__construct() /Users/dmitryulyanov/Google Drive 2/httpd/ownster_mobile/assets/php/ProductServer.php:24
[22-Jan-2016 16:43:23 Europe/London] PHP   3. mysql_connect() /Users/dmitryulyanov/Google Drive 2/httpd/ownster_mobile/assets/php/DataBaseClass.php:16
[22-Jan-2016 18:17:06 Europe/London] PHP Deprecated:  mysql_connect(): The mysql extension is deprecated and will be removed in the future: use mysqli or PDO instead in /Users/dmitryulyanov/Google Drive 2/httpd/ownster_mobile/assets/php/DataBaseClass.php on line 16
[22-Jan-2016 18:17:06 Europe/London] PHP Stack trace:
[22-Jan-2016 18:17:06 Europe/London] PHP   1. {main}() /Users/dmitryulyanov/Google Drive 2/httpd/ownster_mobile/assets/php/ProductServer.php:0
[22-Jan-2016 18:17:06 Europe/London] PHP   2. DataBase->__construct() /Users/dmitryulyanov/Google Drive 2/httpd/ownster_mobile/assets/php/ProductServer.php:24
[22-Jan-2016 18:17:06 Europe/London] PHP   3. mysql_connect() /Users/dmitryulyanov/Google Drive 2/httpd/ownster_mobile/assets/php/DataBaseClass.php:16
[22-Jan-2016 18:51:30 Europe/London] PHP Deprecated:  mysql_connect(): The mysql extension is deprecated and will be removed in the future: use mysqli or PDO instead in /Users/dmitryulyanov/Google Drive 2/httpd/ownster_mobile/assets/php/DataBaseClass.php on line 16
[22-Jan-2016 18:51:30 Europe/London] PHP Stack trace:
[22-Jan-2016 18:51:30 Europe/London] PHP   1. {main}() /Users/dmitryulyanov/Google Drive 2/httpd/ownster_mobile/assets/php/ProductServer.php:0
[22-Jan-2016 18:51:30 Europe/London] PHP   2. DataBase->__construct() /Users/dmitryulyanov/Google Drive 2/httpd/ownster_mobile/assets/php/ProductServer.php:24
[22-Jan-2016 18:51:30 Europe/London] PHP   3. mysql_connect() /Users/dmitryulyanov/Google Drive 2/httpd/ownster_mobile/assets/php/DataBaseClass.php:16
[22-Jan-2016 18:53:03 Europe/London] PHP Deprecated:  mysql_connect(): The mysql extension is deprecated and will be removed in the future: use mysqli or PDO instead in /Users/dmitryulyanov/Google Drive 2/httpd/ownster_mobile/assets/php/DataBaseClass.php on line 16
[22-Jan-2016 18:53:03 Europe/London] PHP Stack trace:
[22-Jan-2016 18:53:03 Europe/London] PHP   1. {main}() /Users/dmitryulyanov/Google Drive 2/httpd/ownster_mobile/assets/php/ProductServer.php:0
[22-Jan-2016 18:53:03 Europe/London] PHP   2. DataBase->__construct() /Users/dmitryulyanov/Google Drive 2/httpd/ownster_mobile/assets/php/ProductServer.php:24
[22-Jan-2016 18:53:03 Europe/London] PHP   3. mysql_connect() /Users/dmitryulyanov/Google Drive 2/httpd/ownster_mobile/assets/php/DataBaseClass.php:16
[22-Jan-2016 18:53:08 Europe/London] PHP Deprecated:  mysql_connect(): The mysql extension is deprecated and will be removed in the future: use mysqli or PDO instead in /Users/dmitryulyanov/Google Drive 2/httpd/ownster_mobile/assets/php/DataBaseClass.php on line 16
[22-Jan-2016 18:53:08 Europe/London] PHP Stack trace:
[22-Jan-2016 18:53:08 Europe/London] PHP   1. {main}() /Users/dmitryulyanov/Google Drive 2/httpd/ownster_mobile/assets/php/ProductServer.php:0
[22-Jan-2016 18:53:08 Europe/London] PHP   2. DataBase->__construct() /Users/dmitryulyanov/Google Drive 2/httpd/ownster_mobile/assets/php/ProductServer.php:24
[22-Jan-2016 18:53:08 Europe/London] PHP   3. mysql_connect() /Users/dmitryulyanov/Google Drive 2/httpd/ownster_mobile/assets/php/DataBaseClass.php:16
[22-Jan-2016 19:13:52 Europe/London] PHP Deprecated:  mysql_connect(): The mysql extension is deprecated and will be removed in the future: use mysqli or PDO instead in /Users/dmitryulyanov/Google Drive 2/httpd/ownster_mobile/assets/php/DataBaseClass.php on line 16
[22-Jan-2016 19:13:52 Europe/London] PHP Stack trace:
[22-Jan-2016 19:13:52 Europe/London] PHP   1. {main}() /Users/dmitryulyanov/Google Drive 2/httpd/ownster_mobile/assets/php/ProductServer.php:0
[22-Jan-2016 19:13:52 Europe/London] PHP   2. DataBase->__construct() /Users/dmitryulyanov/Google Drive 2/httpd/ownster_mobile/assets/php/ProductServer.php:24
[22-Jan-2016 19:13:52 Europe/London] PHP   3. mysql_connect() /Users/dmitryulyanov/Google Drive 2/httpd/ownster_mobile/assets/php/DataBaseClass.php:16
[22-Jan-2016 19:14:01 Europe/London] PHP Deprecated:  mysql_connect(): The mysql extension is deprecated and will be removed in the future: use mysqli or PDO instead in /Users/dmitryulyanov/Google Drive 2/httpd/ownster_mobile/assets/php/DataBaseClass.php on line 16
[22-Jan-2016 19:14:01 Europe/London] PHP Stack trace:
[22-Jan-2016 19:14:01 Europe/London] PHP   1. {main}() /Users/dmitryulyanov/Google Drive 2/httpd/ownster_mobile/assets/php/ProductServer.php:0
[22-Jan-2016 19:14:01 Europe/London] PHP   2. DataBase->__construct() /Users/dmitryulyanov/Google Drive 2/httpd/ownster_mobile/assets/php/ProductServer.php:24
[22-Jan-2016 19:14:01 Europe/London] PHP   3. mysql_connect() /Users/dmitryulyanov/Google Drive 2/httpd/ownster_mobile/assets/php/DataBaseClass.php:16
