


 ------------ 00:04 mellowpixels@gmail.com Function Begins 'submitOrderToEmail' -----------
Submited Data:
$_POST = Array
(
    [email_order] => Array
        (
            [order] => Array
                (
                    [0] => Array
                        (
                            [id] => 071215_00128_PCUL
                            [qty] => 1
                        )

                    [1] => Array
                        (
                            [id] => 071215_00128_PCUL
                            [qty] => 1
                        )

                )

            [delivery] => Array
                (
                    [month] => December
                    [date] => 10
                    [day] => Thursday
                    [year] => 2015
                    [price] => 0
                )

            [address] => Array
                (
                    [address_override] => 1
                    [country] => Germany
                    [name] => Dmitrijs
                    [lastname] => u
                    [email] => mellowpixels@gmail.com
                    [address] => Segewaldweg 55
                    [city] => Berlin
                    [postcode] => 12557
                )

        )

)



 ------------ 00:13 mellowpixels@gmail.com Function Begins 'submitOrderToEmail' -----------
Submited Data:
$_POST = Array
(
    [email_order] => Array
        (
            [order] => Array
                (
                    [0] => Array
                        (
                            [id] => 071215_01218_JOCL
                            [qty] => 1
                        )

                    [1] => Array
                        (
                            [id] => 071215_01218_JOCL
                            [qty] => 1
                        )

                )

            [delivery] => Array
                (
                    [month] => December
                    [date] => 10
                    [day] => Thursday
                    [year] => 2015
                    [price] => 0
                )

            [address] => Array
                (
                    [address_override] => 1
                    [country] => Germany
                    [name] => Dmitrijs
                    [lastname] => sf
                    [email] => mellowpixels@gmail.com
                    [address] => Segewaldweg 55
                    [city] => Berlin
                    [postcode] => 12557
                )

        )

)



 ------------ 00:18 mellowpixels@gmail.com Function Begins 'submitOrderToEmail' -----------
Submited Data:
$_POST = Array
(
    [email_order] => Array
        (
            [order] => Array
                (
                    [0] => Array
                        (
                            [id] => 071215_01614_ISRM
                            [qty] => 1
                        )

                    [1] => Array
                        (
                            [id] => 071215_01614_ISRM
                            [qty] => 1
                        )

                )

            [delivery] => Array
                (
                    [month] => December
                    [date] => 10
                    [day] => Thursday
                    [year] => 2015
                    [price] => 0
                )

            [address] => Array
                (
                    [address_override] => 1
                    [country] => Germany
                    [name] => Dmitrijs
                    [lastname] => Uljanovs
                    [email] => mellowpixels@gmail.com
                    [address] => Segewaldweg 55
                    [city] => Berlin
                    [postcode] => 12557
                )

        )

)



 ------------ 17:32 mellowpixels@gmail.com Function Begins 'submitOrderToEmail' -----------
Submited Data:
$_POST = Array
(
    [email_order] => Array
        (
            [order] => Array
                (
                    [0] => Array
                        (
                            [id] => 071215_01905_HOYJ
                            [qty] => 1
                        )

                    [1] => Array
                        (
                            [id] => 071215_173048_XAZH
                            [qty] => 1
                        )

                    [2] => Array
                        (
                            [id] => 071215_01905_HOYJ
                            [qty] => 1
                        )

                    [3] => Array
                        (
                            [id] => 071215_173048_XAZH
                            [qty] => 1
                        )

                )

            [delivery] => Array
                (
                    [month] => December
                    [date] => 11
                    [day] => Friday
                    [year] => 2015
                    [price] => 0
                )

            [address] => Array
                (
                    [address_override] => 1
                    [country] => Germany
                    [name] => Dmitrijs
                    [lastname] => asd
                    [email] => mellowpixels@gmail.com
                    [address] => Segewaldweg 55
                    [city] => Berlin
                    [postcode] => 12557
                )

        )

)
